<?xml version="1.0" encoding="UTF-8"?>
<!-- Generated by org.testng.reporters.JUnitXMLReporter -->
<testsuite ignored="0" hostname="DESKTOP-S09MRSE" failures="2" tests="3" name="LoginTests" time="9.556" errors="0" timestamp="2026-09-14T00:21:02 IST">
  <testcase classname="tests.LoginTest" name="testLogin" time="2.69"/>
  <testcase classname="tests.LoginTest" name="testLogin1" time="0.488">
    <failure type="java.lang.AssertionError" message="error message mismatch expected [Your username is invalid!] but found []">
      <![CDATA[java.lang.AssertionError: error message mismatch expected [Your username is invalid!] but found []
at pages.LoginPage.usernameLoginFailed(LoginPage.java:35)
at tests.LoginTest.testLogin1(LoginTest.java:57)
at java.base/java.util.ArrayList.forEach(ArrayList.java:1596)
... Removed 34 stack frames]]>
    </failure>
  </testcase> <!-- testLogin1 -->
  <testcase classname="tests.LoginTest" name="testLogin3" time="0.753">
    <failure type="java.lang.AssertionError" message="Error message not displayed expected [true] but found [false]">
      <![CDATA[java.lang.AssertionError: Error message not displayed expected [true] but found [false]
at pages.LoginPage.passwordFailedLogin(LoginPage.java:39)
at tests.LoginTest.testLogin3(LoginTest.java:70)
at java.base/java.util.ArrayList.forEach(ArrayList.java:1596)
... Removed 32 stack frames]]>
    </failure>
  </testcase> <!-- testLogin3 -->
</testsuite> <!-- LoginTests -->
